  [1m[35m (0.9ms)[0m  [1m[34mSELECT sqlite_version(*)[0m
  [1m[35m (30.4ms)[0m  [1m[35mCREATE TABLE "schema_migrations" ("version" varchar NOT NULL PRIMARY KEY)[0m
  [1m[35m (6.2ms)[0m  [1m[35mCREATE TABLE "ar_internal_metadata" ("key" varchar NOT NULL PRIMARY KEY, "value" varchar, "created_at" datetime(6) NOT NULL, "updated_at" datetime(6) NOT NULL)[0m
  [1m[35m (0.1ms)[0m  [1m[34mSELECT "schema_migrations"."version" FROM "schema_migrations" ORDER BY "schema_migrations"."version" ASC[0m
Migrating to CreateUsers (20210419014335)
  [1m[36mTRANSACTION (0.1ms)[0m  [1m[36mbegin transaction[0m
  [1m[35m (0.3ms)[0m  [1m[35mCREATE TABLE "users" ("id" integer PRIMARY KEY AUTOINCREMENT NOT NULL, "name" varchar, "username" varchar, "password_digest" varchar, "created_at" datetime(6) NOT NULL, "updated_at" datetime(6) NOT NULL)[0m
  [1m[36mActiveRecord::SchemaMigration Create (0.2ms)[0m  [1m[32mINSERT INTO "schema_migrations" ("version") VALUES (?)[0m  [["version", "20210419014335"]]
  [1m[36mTRANSACTION (6.2ms)[0m  [1m[36mcommit transaction[0m
  [1m[36mActiveRecord::InternalMetadata Load (0.3ms)[0m  [1m[34mSELECT "ar_internal_metadata".* FROM "ar_internal_metadata" WHERE "ar_internal_metadata"."key" = ? LIMIT ?[0m  [["key", "environment"], ["LIMIT", 1]]
  [1m[36mTRANSACTION (0.1ms)[0m  [1m[36mbegin transaction[0m
  [1m[36mActiveRecord::InternalMetadata Create (0.2ms)[0m  [1m[32mINSERT INTO "ar_internal_metadata" ("key", "value", "created_at", "updated_at") VALUES (?, ?, ?, ?)[0m  [["key", "environment"], ["value", "development"], ["created_at", "2021-04-19 02:09:13.087457"], ["updated_at", "2021-04-19 02:09:13.087457"]]
  [1m[36mTRANSACTION (4.6ms)[0m  [1m[36mcommit transaction[0m
  [1m[35m (0.1ms)[0m  [1m[34mSELECT sqlite_version(*)[0m
  [1m[35m (0.1ms)[0m  [1m[34mSELECT "schema_migrations"."version" FROM "schema_migrations" ORDER BY "schema_migrations"."version" ASC[0m
  [1m[35m (0.3ms)[0m  [1m[34mSELECT sqlite_version(*)[0m
  [1m[35m (0.1ms)[0m  [1m[34mSELECT "schema_migrations"."version" FROM "schema_migrations" ORDER BY "schema_migrations"."version" ASC[0m
  [1m[35m (0.4ms)[0m  [1m[34mSELECT sqlite_version(*)[0m
  [1m[35m (0.1ms)[0m  [1m[34mSELECT "schema_migrations"."version" FROM "schema_migrations" ORDER BY "schema_migrations"."version" ASC[0m
  [1m[35m (0.3ms)[0m  [1m[34mSELECT sqlite_version(*)[0m
  [1m[35m (0.1ms)[0m  [1m[34mSELECT "schema_migrations"."version" FROM "schema_migrations" ORDER BY "schema_migrations"."version" ASC[0m
  [1m[35m (0.3ms)[0m  [1m[34mSELECT sqlite_version(*)[0m
  [1m[35m (0.1ms)[0m  [1m[34mSELECT "schema_migrations"."version" FROM "schema_migrations" ORDER BY "schema_migrations"."version" ASC[0m
  [1m[35m (0.4ms)[0m  [1m[34mSELECT sqlite_version(*)[0m
  [1m[35m (0.1ms)[0m  [1m[34mSELECT "schema_migrations"."version" FROM "schema_migrations" ORDER BY "schema_migrations"."version" ASC[0m
  [1m[35m (0.3ms)[0m  [1m[34mSELECT sqlite_version(*)[0m
  [1m[35m (0.1ms)[0m  [1m[34mSELECT "schema_migrations"."version" FROM "schema_migrations" ORDER BY "schema_migrations"."version" ASC[0m
  [1m[35m (0.1ms)[0m  [1m[34mSELECT sqlite_version(*)[0m
  [1m[36mTRANSACTION (0.1ms)[0m  [1m[36mbegin transaction[0m
  [1m[36mUser Create (0.3ms)[0m  [1m[32mINSERT INTO "users" ("name", "username", "password_digest", "created_at", "updated_at") VALUES (?, ?, ?, ?, ?)[0m  [["name", "kay"], ["username", "kayhb"], ["password_digest", "$2a$12$ehZuClU/l2efhA2YbAupoO6kUdwPrdgAeX8.sKm2UzlmWjQyRZjWW"], ["created_at", "2021-04-19 02:49:17.785319"], ["updated_at", "2021-04-19 02:49:17.785319"]]
  [1m[36mTRANSACTION (9.7ms)[0m  [1m[36mcommit transaction[0m
  [1m[35m (0.4ms)[0m  [1m[34mSELECT sqlite_version(*)[0m
  [1m[36mUser Load (0.2ms)[0m  [1m[34mSELECT "users".* FROM "users" ORDER BY "users"."id" ASC LIMIT ?[0m  [["LIMIT", 1]]
Started GET "/" for 127.0.0.1 at 2021-04-18 22:51:11 -0400
  [1m[35m (0.4ms)[0m  [1m[34mSELECT sqlite_version(*)[0m
  [1m[35m (0.1ms)[0m  [1m[34mSELECT "schema_migrations"."version" FROM "schema_migrations" ORDER BY "schema_migrations"."version" ASC[0m
Processing by Rails::WelcomeController#index as HTML
  Rendering /home/kay/.rvm/gems/ruby-2.6.1/gems/railties-6.1.3.1/lib/rails/templates/rails/welcome/index.html.erb
  Rendered /home/kay/.rvm/gems/ruby-2.6.1/gems/railties-6.1.3.1/lib/rails/templates/rails/welcome/index.html.erb (Duration: 7.2ms | Allocations: 477)
Completed 200 OK in 22ms (Views: 10.6ms | ActiveRecord: 0.0ms | Allocations: 4122)


Started GET "/favicon.ico" for 127.0.0.1 at 2021-04-18 22:51:12 -0400
  
ActionController::RoutingError (No route matches [GET] "/favicon.ico"):
  
Started GET "/inforoutes" for 127.0.0.1 at 2021-04-18 22:51:42 -0400
  
ActionController::RoutingError (No route matches [GET] "/inforoutes"):
  
Started GET "/api/v1/users" for 127.0.0.1 at 2021-04-18 22:52:23 -0400
  
ActionController::RoutingError (No route matches [GET] "/api/v1/users"):
  
Started GET "/" for ::1 at 2021-04-18 22:54:40 -0400
Processing by Rails::WelcomeController#index as HTML
  Rendering /home/kay/.rvm/gems/ruby-2.6.1/gems/railties-6.1.3.1/lib/rails/templates/rails/welcome/index.html.erb
  Rendered /home/kay/.rvm/gems/ruby-2.6.1/gems/railties-6.1.3.1/lib/rails/templates/rails/welcome/index.html.erb (Duration: 5.2ms | Allocations: 190)
Completed 200 OK in 7ms (Views: 6.2ms | ActiveRecord: 0.0ms | Allocations: 839)


Started GET "/favicon.ico" for ::1 at 2021-04-18 22:54:40 -0400
  
ActionController::RoutingError (No route matches [GET] "/favicon.ico"):
  
Started GET "/info/routes" for ::1 at 2021-04-18 22:54:50 -0400
  
ActionController::RoutingError (No route matches [GET] "/info/routes"):
  
Started GET "/info/routes" for ::1 at 2021-04-18 22:59:46 -0400
  
ActionController::RoutingError (No route matches [GET] "/info/routes"):
  
Started GET "/users" for ::1 at 2021-04-18 23:00:21 -0400
  
ActionController::RoutingError (No route matches [GET] "/users"):
  
Started GET "/api/v1/users" for ::1 at 2021-04-18 23:02:37 -0400
  
Zeitwerk::NameError (expected file /home/kay/Restaurant_Entertainment_App/backend/app/controllers/api/v1/users_controller.rb to define constant Api::V1::UsersController, but didn't):
  
zeitwerk (2.4.2) lib/zeitwerk/loader/callbacks.rb:18:in `on_file_autoloaded'
zeitwerk (2.4.2) lib/zeitwerk/kernel.rb:27:in `block in require'
zeitwerk (2.4.2) lib/zeitwerk/kernel.rb:26:in `tap'
zeitwerk (2.4.2) lib/zeitwerk/kernel.rb:26:in `require'
activesupport (6.1.3.1) lib/active_support/inflector/methods.rb:288:in `const_get'
activesupport (6.1.3.1) lib/active_support/inflector/methods.rb:288:in `block in constantize'
activesupport (6.1.3.1) lib/active_support/inflector/methods.rb:284:in `each'
activesupport (6.1.3.1) lib/active_support/inflector/methods.rb:284:in `inject'
activesupport (6.1.3.1) lib/active_support/inflector/methods.rb:284:in `constantize'
activesupport (6.1.3.1) lib/active_support/dependencies/zeitwerk_integration.rb:19:in `constantize'
actionpack (6.1.3.1) lib/action_dispatch/http/request.rb:93:in `controller_class_for'
actionpack (6.1.3.1) lib/action_dispatch/request/utils.rb:95:in `action_encoding_template'
actionpack (6.1.3.1) lib/action_dispatch/request/utils.rb:83:in `encode'
actionpack (6.1.3.1) lib/action_dispatch/request/utils.rb:45:in `set_binary_encoding'
actionpack (6.1.3.1) lib/action_dispatch/http/parameters.rb:68:in `path_parameters='
actionpack (6.1.3.1) lib/action_dispatch/journey/router.rb:48:in `block in serve'
actionpack (6.1.3.1) lib/action_dispatch/journey/router.rb:32:in `each'
actionpack (6.1.3.1) lib/action_dispatch/journey/router.rb:32:in `serve'
actionpack (6.1.3.1) lib/action_dispatch/routing/route_set.rb:842:in `call'
rack (2.2.3) lib/rack/etag.rb:27:in `call'
rack (2.2.3) lib/rack/conditional_get.rb:27:in `call'
rack (2.2.3) lib/rack/head.rb:12:in `call'
activerecord (6.1.3.1) lib/active_record/migration.rb:601:in `call'
actionpack (6.1.3.1) lib/action_dispatch/middleware/callbacks.rb:27:in `block in call'
activesupport (6.1.3.1) lib/active_support/callbacks.rb:98:in `run_callbacks'
actionpack (6.1.3.1) lib/action_dispatch/middleware/callbacks.rb:26:in `call'
actionpack (6.1.3.1) lib/action_dispatch/middleware/executor.rb:14:in `call'
actionpack (6.1.3.1) lib/action_dispatch/middleware/actionable_exceptions.rb:18:in `call'
actionpack (6.1.3.1) lib/action_dispatch/middleware/debug_exceptions.rb:29:in `call'
actionpack (6.1.3.1) lib/action_dispatch/middleware/show_exceptions.rb:33:in `call'
railties (6.1.3.1) lib/rails/rack/logger.rb:37:in `call_app'
railties (6.1.3.1) lib/rails/rack/logger.rb:26:in `block in call'
activesupport (6.1.3.1) lib/active_support/tagged_logging.rb:99:in `block in tagged'
activesupport (6.1.3.1) lib/active_support/tagged_logging.rb:37:in `tagged'
activesupport (6.1.3.1) lib/active_support/tagged_logging.rb:99:in `tagged'
railties (6.1.3.1) lib/rails/rack/logger.rb:26:in `call'
actionpack (6.1.3.1) lib/action_dispatch/middleware/remote_ip.rb:81:in `call'
actionpack (6.1.3.1) lib/action_dispatch/middleware/request_id.rb:26:in `call'
rack (2.2.3) lib/rack/runtime.rb:22:in `call'
activesupport (6.1.3.1) lib/active_support/cache/strategy/local_cache_middleware.rb:29:in `call'
actionpack (6.1.3.1) lib/action_dispatch/middleware/executor.rb:14:in `call'
actionpack (6.1.3.1) lib/action_dispatch/middleware/static.rb:24:in `call'
rack (2.2.3) lib/rack/sendfile.rb:110:in `call'
actionpack (6.1.3.1) lib/action_dispatch/middleware/host_authorization.rb:98:in `call'
railties (6.1.3.1) lib/rails/engine.rb:539:in `call'
puma (5.2.2) lib/puma/configuration.rb:248:in `call'
puma (5.2.2) lib/puma/request.rb:76:in `block in handle_request'
puma (5.2.2) lib/puma/thread_pool.rb:337:in `with_force_shutdown'
puma (5.2.2) lib/puma/request.rb:75:in `handle_request'
puma (5.2.2) lib/puma/server.rb:431:in `process_client'
puma (5.2.2) lib/puma/thread_pool.rb:145:in `block in spawn_thread'
Started GET "/api/v1/users" for ::1 at 2021-04-18 23:03:40 -0400
Processing by Api::V1::UsersController#index as HTML
  [1m[35m (0.1ms)[0m  [1m[34mSELECT sqlite_version(*)[0m
  ↳ app/controllers/api/v1/users_controller.rb:8:in `index'
  [1m[36mUser Load (0.2ms)[0m  [1m[34mSELECT "users".* FROM "users"[0m
  ↳ app/controllers/api/v1/users_controller.rb:8:in `index'
Completed 200 OK in 16ms (Views: 14.4ms | ActiveRecord: 2.3ms | Allocations: 5933)


  [1m[35m (0.3ms)[0m  [1m[34mSELECT sqlite_version(*)[0m
  [1m[35m (0.1ms)[0m  [1m[34mSELECT "schema_migrations"."version" FROM "schema_migrations" ORDER BY "schema_migrations"."version" ASC[0m
Migrating to CreateLocations (20210419031653)
  [1m[36mTRANSACTION (0.1ms)[0m  [1m[36mbegin transaction[0m
  [1m[35m (0.3ms)[0m  [1m[35mCREATE TABLE "locations" ("id" integer PRIMARY KEY AUTOINCREMENT NOT NULL, "city" varchar, "state" varchar, "created_at" datetime(6) NOT NULL, "updated_at" datetime(6) NOT NULL)[0m
  [1m[36mActiveRecord::SchemaMigration Create (0.2ms)[0m  [1m[32mINSERT INTO "schema_migrations" ("version") VALUES (?)[0m  [["version", "20210419031653"]]
  [1m[36mTRANSACTION (5.5ms)[0m  [1m[36mcommit transaction[0m
Migrating to AddCurrentspotIdToUsers (20210419130332)
  [1m[36mTRANSACTION (0.1ms)[0m  [1m[36mbegin transaction[0m
  [1m[35m (0.4ms)[0m  [1m[35mALTER TABLE "users" ADD "currentspot_id" integar[0m
  [1m[36mActiveRecord::SchemaMigration Create (0.2ms)[0m  [1m[32mINSERT INTO "schema_migrations" ("version") VALUES (?)[0m  [["version", "20210419130332"]]
  [1m[36mTRANSACTION (4.3ms)[0m  [1m[36mcommit transaction[0m
  [1m[36mActiveRecord::InternalMetadata Load (0.3ms)[0m  [1m[34mSELECT "ar_internal_metadata".* FROM "ar_internal_metadata" WHERE "ar_internal_metadata"."key" = ? LIMIT ?[0m  [["key", "environment"], ["LIMIT", 1]]
  [1m[35m (0.1ms)[0m  [1m[34mSELECT sqlite_version(*)[0m
  [1m[35m (0.1ms)[0m  [1m[34mSELECT "schema_migrations"."version" FROM "schema_migrations" ORDER BY "schema_migrations"."version" ASC[0m
  [1m[35m (0.4ms)[0m  [1m[34mSELECT sqlite_version(*)[0m
  [1m[36mTRANSACTION (0.1ms)[0m  [1m[36mbegin transaction[0m
  [1m[36mLocation Create (0.3ms)[0m  [1m[32mINSERT INTO "locations" ("city", "state", "created_at", "updated_at") VALUES (?, ?, ?, ?)[0m  [["city", "Raleigh"], ["state", "NC"], ["created_at", "2021-04-19 13:31:21.783967"], ["updated_at", "2021-04-19 13:31:21.783967"]]
  [1m[36mTRANSACTION (8.8ms)[0m  [1m[36mcommit transaction[0m
  [1m[36mUser Load (0.2ms)[0m  [1m[34mSELECT "users".* FROM "users" ORDER BY "users"."id" ASC LIMIT ?[0m  [["LIMIT", 1]]
  [1m[36mLocation Load (0.4ms)[0m  [1m[34mSELECT "locations".* FROM "locations" ORDER BY "locations"."id" ASC LIMIT ?[0m  [["LIMIT", 1]]
  [1m[35m (0.3ms)[0m  [1m[34mSELECT sqlite_version(*)[0m
  [1m[36mUser Load (0.1ms)[0m  [1m[34mSELECT "users".* FROM "users" ORDER BY "users"."id" ASC LIMIT ?[0m  [["LIMIT", 1]]
  [1m[36mLocation Load (0.1ms)[0m  [1m[34mSELECT "locations".* FROM "locations" ORDER BY "locations"."id" ASC LIMIT ?[0m  [["LIMIT", 1]]
  [1m[36mTRANSACTION (0.1ms)[0m  [1m[36mbegin transaction[0m
  [1m[36mUser Update (0.3ms)[0m  [1m[33mUPDATE "users" SET "updated_at" = ?, "currentspot_id" = ? WHERE "users"."id" = ?[0m  [["updated_at", "2021-04-19 13:44:53.797245"], ["currentspot_id", 1], ["id", 1]]
  [1m[36mTRANSACTION (8.5ms)[0m  [1m[36mcommit transaction[0m
  [1m[36mUser Load (0.3ms)[0m  [1m[34mSELECT "users".* FROM "users" WHERE "users"."currentspot_id" = ? /* loading for inspect */ LIMIT ?[0m  [["currentspot_id", 1], ["LIMIT", 11]]
  [1m[35m (0.4ms)[0m  [1m[34mSELECT sqlite_version(*)[0m
  [1m[36mUser Load (0.1ms)[0m  [1m[34mSELECT "users".* FROM "users" ORDER BY "users"."id" ASC LIMIT ?[0m  [["LIMIT", 1]]
  [1m[36mLocation Load (0.3ms)[0m  [1m[34mSELECT "locations".* FROM "locations" ORDER BY "locations"."id" ASC LIMIT ?[0m  [["LIMIT", 1]]
  [1m[36mUser Load (0.2ms)[0m  [1m[34mSELECT "users".* FROM "users" WHERE "users"."currentspot_id" = ? /* loading for inspect */ LIMIT ?[0m  [["currentspot_id", 1], ["LIMIT", 11]]
  [1m[36mLocation Load (0.2ms)[0m  [1m[34mSELECT "locations".* FROM "locations" WHERE "locations"."id" = ? LIMIT ?[0m  [["id", 1], ["LIMIT", 1]]
  [1m[35m (0.4ms)[0m  [1m[34mSELECT sqlite_version(*)[0m
  [1m[36mUser Load (0.1ms)[0m  [1m[34mSELECT "users".* FROM "users" /* loading for inspect */ LIMIT ?[0m  [["LIMIT", 11]]
  [1m[36mLocation Load (0.3ms)[0m  [1m[34mSELECT "locations".* FROM "locations" /* loading for inspect */ LIMIT ?[0m  [["LIMIT", 11]]
  [1m[36mUser Load (0.4ms)[0m  [1m[34mSELECT "users".* FROM "users" ORDER BY "users"."id" ASC LIMIT ?[0m  [["LIMIT", 1]]
  [1m[36mLocation Load (0.4ms)[0m  [1m[34mSELECT "locations".* FROM "locations" ORDER BY "locations"."id" ASC LIMIT ?[0m  [["LIMIT", 1]]
  [1m[36mUser Load (0.3ms)[0m  [1m[34mSELECT "users".* FROM "users" WHERE "users"."currentspot_id" = ? /* loading for inspect */ LIMIT ?[0m  [["currentspot_id", 1], ["LIMIT", 11]]
  [1m[36mLocation Load (0.4ms)[0m  [1m[34mSELECT "locations".* FROM "locations" WHERE "locations"."id" = ? LIMIT ?[0m  [["id", 1], ["LIMIT", 1]]
  [1m[36mUser Load (0.3ms)[0m  [1m[34mSELECT "users".* FROM "users" WHERE "users"."currentspot_id" = ? /* loading for inspect */ LIMIT ?[0m  [["currentspot_id", 1], ["LIMIT", 11]]
  [1m[35m (0.4ms)[0m  [1m[34mSELECT sqlite_version(*)[0m
  [1m[36mUser Load (0.2ms)[0m  [1m[34mSELECT "users".* FROM "users" /* loading for inspect */ LIMIT ?[0m  [["LIMIT", 11]]
  [1m[36mLocation Load (0.2ms)[0m  [1m[34mSELECT "locations".* FROM "locations" /* loading for inspect */ LIMIT ?[0m  [["LIMIT", 11]]
  [1m[35m (0.3ms)[0m  [1m[34mSELECT sqlite_version(*)[0m
  [1m[35m (0.1ms)[0m  [1m[34mSELECT "schema_migrations"."version" FROM "schema_migrations" ORDER BY "schema_migrations"."version" ASC[0m
Migrating to CreateEntertainments (20210419162833)
  [1m[36mTRANSACTION (0.1ms)[0m  [1m[36mbegin transaction[0m
  [1m[35m (0.3ms)[0m  [1m[35mCREATE TABLE "entertainments" ("id" integer PRIMARY KEY AUTOINCREMENT NOT NULL, "name" varchar, "description" varchar, "location_id" varchar, "created_at" datetime(6) NOT NULL, "updated_at" datetime(6) NOT NULL)[0m
  [1m[36mActiveRecord::SchemaMigration Create (0.2ms)[0m  [1m[32mINSERT INTO "schema_migrations" ("version") VALUES (?)[0m  [["version", "20210419162833"]]
  [1m[36mTRANSACTION (9.7ms)[0m  [1m[36mcommit transaction[0m
Migrating to CreateComments (20210419163118)
  [1m[36mTRANSACTION (0.1ms)[0m  [1m[36mbegin transaction[0m
  [1m[35m (0.3ms)[0m  [1m[35mCREATE TABLE "comments" ("id" integer PRIMARY KEY AUTOINCREMENT NOT NULL, "content" varchar, "user_id" varchar, "entertainment_id" varchar, "created_at" datetime(6) NOT NULL, "updated_at" datetime(6) NOT NULL)[0m
  [1m[36mActiveRecord::SchemaMigration Create (0.2ms)[0m  [1m[32mINSERT INTO "schema_migrations" ("version") VALUES (?)[0m  [["version", "20210419163118"]]
  [1m[36mTRANSACTION (5.6ms)[0m  [1m[36mcommit transaction[0m
Migrating to CreateRestaurants (20210419163347)
  [1m[36mTRANSACTION (0.1ms)[0m  [1m[36mbegin transaction[0m
  [1m[35m (0.4ms)[0m  [1m[35mCREATE TABLE "restaurants" ("id" integer PRIMARY KEY AUTOINCREMENT NOT NULL, "name" varchar, "time_of_day" varchar, "location_id" varchar, "user_id" varchar, "created_at" datetime(6) NOT NULL, "updated_at" datetime(6) NOT NULL)[0m
  [1m[36mActiveRecord::SchemaMigration Create (0.3ms)[0m  [1m[32mINSERT INTO "schema_migrations" ("version") VALUES (?)[0m  [["version", "20210419163347"]]
  [1m[36mTRANSACTION (5.2ms)[0m  [1m[36mcommit transaction[0m
Migrating to CreateVisits (20210419163516)
  [1m[36mTRANSACTION (0.1ms)[0m  [1m[36mbegin transaction[0m
  [1m[35m (0.4ms)[0m  [1m[35mCREATE TABLE "visits" ("id" integer PRIMARY KEY AUTOINCREMENT NOT NULL, "date" varchar, "restaurant_id" varchar, "entertainment_id" varchar, "created_at" datetime(6) NOT NULL, "updated_at" datetime(6) NOT NULL)[0m
  [1m[36mActiveRecord::SchemaMigration Create (0.2ms)[0m  [1m[32mINSERT INTO "schema_migrations" ("version") VALUES (?)[0m  [["version", "20210419163516"]]
  [1m[36mTRANSACTION (5.1ms)[0m  [1m[36mcommit transaction[0m
  [1m[36mActiveRecord::InternalMetadata Load (0.2ms)[0m  [1m[34mSELECT "ar_internal_metadata".* FROM "ar_internal_metadata" WHERE "ar_internal_metadata"."key" = ? LIMIT ?[0m  [["key", "environment"], ["LIMIT", 1]]
  [1m[35m (0.1ms)[0m  [1m[34mSELECT sqlite_version(*)[0m
  [1m[35m (0.2ms)[0m  [1m[34mSELECT "schema_migrations"."version" FROM "schema_migrations" ORDER BY "schema_migrations"."version" ASC[0m
Started GET "/" for ::1 at 2021-04-19 13:05:37 -0400
  [1m[35m (0.4ms)[0m  [1m[34mSELECT sqlite_version(*)[0m
  [1m[35m (0.2ms)[0m  [1m[34mSELECT "schema_migrations"."version" FROM "schema_migrations" ORDER BY "schema_migrations"."version" ASC[0m
Processing by Rails::WelcomeController#index as HTML
  Rendering /home/kay/.rvm/gems/ruby-2.6.1/gems/railties-6.1.3.1/lib/rails/templates/rails/welcome/index.html.erb
  Rendered /home/kay/.rvm/gems/ruby-2.6.1/gems/railties-6.1.3.1/lib/rails/templates/rails/welcome/index.html.erb (Duration: 6.8ms | Allocations: 331)
Completed 200 OK in 17ms (Views: 8.7ms | ActiveRecord: 0.0ms | Allocations: 2519)


Started GET "/favicon.ico" for ::1 at 2021-04-19 13:05:38 -0400
  
ActionController::RoutingError (No route matches [GET] "/favicon.ico"):
  
Started GET "/" for 127.0.0.1 at 2021-04-19 13:12:06 -0400
  [1m[35m (0.4ms)[0m  [1m[34mSELECT sqlite_version(*)[0m
  [1m[35m (0.3ms)[0m  [1m[34mSELECT "schema_migrations"."version" FROM "schema_migrations" ORDER BY "schema_migrations"."version" ASC[0m
Processing by Rails::WelcomeController#index as HTML
  Rendering /home/kay/.rvm/gems/ruby-2.6.1/gems/railties-6.1.3.1/lib/rails/templates/rails/welcome/index.html.erb
  Rendered /home/kay/.rvm/gems/ruby-2.6.1/gems/railties-6.1.3.1/lib/rails/templates/rails/welcome/index.html.erb (Duration: 6.1ms | Allocations: 410)
Completed 200 OK in 16ms (Views: 7.7ms | ActiveRecord: 0.0ms | Allocations: 2615)


Started GET "/api/v1/visits" for 127.0.0.1 at 2021-04-19 13:12:21 -0400
Processing by Api::V1::VisitsController#index as HTML
  [1m[36mVisit Load (0.3ms)[0m  [1m[34mSELECT "visits".* FROM "visits"[0m
  ↳ app/controllers/api/v1/visits_controller.rb:8:in `index'
Completed 200 OK in 6ms (Views: 2.0ms | ActiveRecord: 0.3ms | Allocations: 2147)


Started GET "/api/v1/restartants" for 127.0.0.1 at 2021-04-19 13:12:32 -0400
  
ActionController::RoutingError (No route matches [GET] "/api/v1/restartants"):
  
Started GET "/api/v1/restaurant" for 127.0.0.1 at 2021-04-19 13:12:56 -0400
  
ActionController::RoutingError (No route matches [GET] "/api/v1/restaurant"):
  
Started GET "/api/v1/restaurants" for 127.0.0.1 at 2021-04-19 13:13:31 -0400
Processing by Api::V1::RestaurantsController#index as HTML
  [1m[36mRestaurant Load (0.2ms)[0m  [1m[34mSELECT "restaurants".* FROM "restaurants"[0m
  ↳ app/controllers/api/v1/restaurants_controller.rb:8:in `index'
Completed 200 OK in 10ms (Views: 1.3ms | ActiveRecord: 0.2ms | Allocations: 3310)


Started GET "/api/v1/comments" for 127.0.0.1 at 2021-04-19 13:13:40 -0400
Processing by Api::V1::CommentsController#index as HTML
  [1m[36mComment Load (0.3ms)[0m  [1m[34mSELECT "comments".* FROM "comments"[0m
  ↳ app/controllers/api/v1/comments_controller.rb:8:in `index'
Completed 200 OK in 6ms (Views: 2.4ms | ActiveRecord: 0.3ms | Allocations: 1298)


  [1m[35m (0.3ms)[0m  [1m[34mSELECT sqlite_version(*)[0m
  [1m[35m (0.1ms)[0m  [1m[34mSELECT "schema_migrations"."version" FROM "schema_migrations" ORDER BY "schema_migrations"."version" ASC[0m
Migrating to ChangeDateDate (20210419220004)
  [1m[36mTRANSACTION (0.1ms)[0m  [1m[36mbegin transaction[0m
  [1m[35m (0.0ms)[0m  [1m[35mPRAGMA foreign_keys[0m
  [1m[35m (0.1ms)[0m  [1m[35mPRAGMA defer_foreign_keys[0m
  [1m[35m (0.1ms)[0m  [1m[35mPRAGMA defer_foreign_keys = ON[0m
  [1m[35m (0.1ms)[0m  [1m[35mPRAGMA foreign_keys = OFF[0m
  [1m[35m (0.2ms)[0m  [1m[35mCREATE TEMPORARY TABLE "avisits" ("id" integer NOT NULL PRIMARY KEY, "date" varchar DEFAULT NULL, "restaurant_id" varchar DEFAULT NULL, "entertainment_id" varchar DEFAULT NULL, "created_at" datetime(6) NOT NULL, "updated_at" datetime(6) NOT NULL)[0m
  [1m[35m (0.1ms)[0m  [1m[32mINSERT INTO "avisits" ("id","date","restaurant_id","entertainment_id","created_at","updated_at")
                     SELECT "id","date","restaurant_id","entertainment_id","created_at","updated_at" FROM "visits"[0m
  [1m[35m (0.3ms)[0m  [1m[35mDROP TABLE "visits"[0m
  [1m[35m (0.2ms)[0m  [1m[35mCREATE TABLE "visits" ("id" integer NOT NULL PRIMARY KEY, "date" date DEFAULT NULL, "restaurant_id" varchar DEFAULT NULL, "entertainment_id" varchar DEFAULT NULL, "created_at" datetime(6) NOT NULL, "updated_at" datetime(6) NOT NULL)[0m
  [1m[35m (0.1ms)[0m  [1m[32mINSERT INTO "visits" ("id","date","restaurant_id","entertainment_id","created_at","updated_at")
                     SELECT "id","date","restaurant_id","entertainment_id","created_at","updated_at" FROM "avisits"[0m
  [1m[35m (0.1ms)[0m  [1m[35mDROP TABLE "avisits"[0m
  [1m[35m (0.1ms)[0m  [1m[35mPRAGMA defer_foreign_keys = 0[0m
  [1m[35m (0.1ms)[0m  [1m[35mPRAGMA foreign_keys = 1[0m
  [1m[36mActiveRecord::SchemaMigration Create (0.3ms)[0m  [1m[32mINSERT INTO "schema_migrations" ("version") VALUES (?)[0m  [["version", "20210419220004"]]
  [1m[36mTRANSACTION (16.0ms)[0m  [1m[36mcommit transaction[0m
  [1m[36mActiveRecord::InternalMetadata Load (0.2ms)[0m  [1m[34mSELECT "ar_internal_metadata".* FROM "ar_internal_metadata" WHERE "ar_internal_metadata"."key" = ? LIMIT ?[0m  [["key", "environment"], ["LIMIT", 1]]
  [1m[35m (0.1ms)[0m  [1m[34mSELECT sqlite_version(*)[0m
  [1m[35m (0.1ms)[0m  [1m[34mSELECT "schema_migrations"."version" FROM "schema_migrations" ORDER BY "schema_migrations"."version" ASC[0m
  [1m[35m (0.3ms)[0m  [1m[34mSELECT sqlite_version(*)[0m
  [1m[35m (0.2ms)[0m  [1m[34mSELECT "schema_migrations"."version" FROM "schema_migrations" ORDER BY "schema_migrations"."version" ASC[0m
  [1m[35m (0.1ms)[0m  [1m[34mSELECT sqlite_version(*)[0m
  [1m[36mTRANSACTION (0.1ms)[0m  [1m[36mbegin transaction[0m
  [1m[36mLocation Create (0.3ms)[0m  [1m[32mINSERT INTO "locations" ("city", "state", "created_at", "updated_at") VALUES (?, ?, ?, ?)[0m  [["city", "Raleigh"], ["state", "North Carolina"], ["created_at", "2021-04-19 22:50:05.946470"], ["updated_at", "2021-04-19 22:50:05.946470"]]
  [1m[36mTRANSACTION (5.4ms)[0m  [1m[36mcommit transaction[0m
  [1m[35m (0.4ms)[0m  [1m[34mSELECT sqlite_version(*)[0m
  [1m[35m (0.1ms)[0m  [1m[34mSELECT "schema_migrations"."version" FROM "schema_migrations" ORDER BY "schema_migrations"."version" ASC[0m
  [1m[35m (0.1ms)[0m  [1m[34mSELECT sqlite_version(*)[0m
  [1m[36mTRANSACTION (0.0ms)[0m  [1m[36mbegin transaction[0m
  [1m[36mLocation Create (0.3ms)[0m  [1m[32mINSERT INTO "locations" ("city", "state", "created_at", "updated_at") VALUES (?, ?, ?, ?)[0m  [["city", "Raleigh"], ["state", "North Carolina"], ["created_at", "2021-04-19 22:50:38.636810"], ["updated_at", "2021-04-19 22:50:38.636810"]]
  [1m[36mTRANSACTION (12.8ms)[0m  [1m[36mcommit transaction[0m
  [1m[35m (0.3ms)[0m  [1m[34mSELECT sqlite_version(*)[0m
  [1m[35m (0.1ms)[0m  [1m[34mSELECT "schema_migrations"."version" FROM "schema_migrations" ORDER BY "schema_migrations"."version" ASC[0m
  [1m[35m (0.3ms)[0m  [1m[34mSELECT sqlite_version(*)[0m
  [1m[35m (0.1ms)[0m  [1m[34mSELECT "schema_migrations"."version" FROM "schema_migrations" ORDER BY "schema_migrations"."version" ASC[0m
  [1m[35m (0.3ms)[0m  [1m[34mSELECT sqlite_version(*)[0m
  [1m[35m (0.1ms)[0m  [1m[34mSELECT "schema_migrations"."version" FROM "schema_migrations" ORDER BY "schema_migrations"."version" ASC[0m
  [1m[35m (0.3ms)[0m  [1m[34mSELECT sqlite_version(*)[0m
  [1m[35m (0.1ms)[0m  [1m[34mSELECT "schema_migrations"."version" FROM "schema_migrations" ORDER BY "schema_migrations"."version" ASC[0m
  [1m[35m (0.1ms)[0m  [1m[34mSELECT sqlite_version(*)[0m
  [1m[36mEntertainment Load (0.1ms)[0m  [1m[34mSELECT "entertainments".* FROM "entertainments" ORDER BY "entertainments"."id" ASC LIMIT ?[0m  [["LIMIT", 1]]
  [1m[36mUser Load (0.1ms)[0m  [1m[34mSELECT "users".* FROM "users" ORDER BY "users"."id" ASC LIMIT ?[0m  [["LIMIT", 1]]
  [1m[36mTRANSACTION (0.1ms)[0m  [1m[36mbegin transaction[0m
  [1m[36mRestaurant Create (0.3ms)[0m  [1m[32mINSERT INTO "restaurants" ("time_of_day", "user_id", "created_at", "updated_at") VALUES (?, ?, ?, ?)[0m  [["time_of_day", "afternoon"], ["user_id", "1"], ["created_at", "2021-04-19 23:02:42.397970"], ["updated_at", "2021-04-19 23:02:42.397970"]]
  [1m[36mTRANSACTION (6.6ms)[0m  [1m[36mcommit transaction[0m
  [1m[35m (0.3ms)[0m  [1m[34mSELECT sqlite_version(*)[0m
  [1m[35m (0.1ms)[0m  [1m[34mSELECT "schema_migrations"."version" FROM "schema_migrations" ORDER BY "schema_migrations"."version" ASC[0m
  [1m[35m (0.1ms)[0m  [1m[34mSELECT sqlite_version(*)[0m
  [1m[36mEntertainment Load (0.1ms)[0m  [1m[34mSELECT "entertainments".* FROM "entertainments" ORDER BY "entertainments"."id" ASC LIMIT ?[0m  [["LIMIT", 1]]
  [1m[36mUser Load (0.1ms)[0m  [1m[34mSELECT "users".* FROM "users" ORDER BY "users"."id" ASC LIMIT ?[0m  [["LIMIT", 1]]
  [1m[36mTRANSACTION (0.1ms)[0m  [1m[36mbegin transaction[0m
  [1m[36mRestaurant Create (0.3ms)[0m  [1m[32mINSERT INTO "restaurants" ("time_of_day", "user_id", "created_at", "updated_at") VALUES (?, ?, ?, ?)[0m  [["time_of_day", "afternoon"], ["user_id", "1"], ["created_at", "2021-04-19 23:06:07.928284"], ["updated_at", "2021-04-19 23:06:07.928284"]]
  [1m[36mTRANSACTION (4.1ms)[0m  [1m[36mcommit transaction[0m
  [1m[35m (0.3ms)[0m  [1m[34mSELECT sqlite_version(*)[0m
  [1m[35m (0.9ms)[0m  [1m[34mSELECT "schema_migrations"."version" FROM "schema_migrations" ORDER BY "schema_migrations"."version" ASC[0m
  [1m[35m (0.1ms)[0m  [1m[34mSELECT sqlite_version(*)[0m
  [1m[36mEntertainment Load (0.1ms)[0m  [1m[34mSELECT "entertainments".* FROM "entertainments" ORDER BY "entertainments"."id" ASC LIMIT ?[0m  [["LIMIT", 1]]
  [1m[36mUser Load (0.9ms)[0m  [1m[34mSELECT "users".* FROM "users" ORDER BY "users"."id" ASC LIMIT ?[0m  [["LIMIT", 1]]
  [1m[36mTRANSACTION (0.1ms)[0m  [1m[36mbegin transaction[0m
  [1m[36mRestaurant Create (0.3ms)[0m  [1m[32mINSERT INTO "restaurants" ("time_of_day", "user_id", "created_at", "updated_at") VALUES (?, ?, ?, ?)[0m  [["time_of_day", "afternoon"], ["user_id", "1"], ["created_at", "2021-04-19 23:08:57.443191"], ["updated_at", "2021-04-19 23:08:57.443191"]]
  [1m[36mTRANSACTION (6.1ms)[0m  [1m[36mcommit transaction[0m
  [1m[35m (0.3ms)[0m  [1m[34mSELECT sqlite_version(*)[0m
  [1m[35m (0.1ms)[0m  [1m[34mSELECT "schema_migrations"."version" FROM "schema_migrations" ORDER BY "schema_migrations"."version" ASC[0m
  [1m[35m (0.1ms)[0m  [1m[34mSELECT sqlite_version(*)[0m
  [1m[36mEntertainment Load (0.1ms)[0m  [1m[34mSELECT "entertainments".* FROM "entertainments" ORDER BY "entertainments"."id" ASC LIMIT ?[0m  [["LIMIT", 1]]
  [1m[36mUser Load (0.1ms)[0m  [1m[34mSELECT "users".* FROM "users" ORDER BY "users"."id" ASC LIMIT ?[0m  [["LIMIT", 1]]
  [1m[36mTRANSACTION (0.1ms)[0m  [1m[36mbegin transaction[0m
  [1m[36mRestaurant Create (0.3ms)[0m  [1m[32mINSERT INTO "restaurants" ("time_of_day", "user_id", "created_at", "updated_at") VALUES (?, ?, ?, ?)[0m  [["time_of_day", "afternoon"], ["user_id", "1"], ["created_at", "2021-04-19 23:14:22.144976"], ["updated_at", "2021-04-19 23:14:22.144976"]]
  [1m[36mTRANSACTION (9.3ms)[0m  [1m[36mcommit transaction[0m
  [1m[35m (0.3ms)[0m  [1m[34mSELECT sqlite_version(*)[0m
  [1m[35m (0.1ms)[0m  [1m[34mSELECT "schema_migrations"."version" FROM "schema_migrations" ORDER BY "schema_migrations"."version" ASC[0m
  [1m[35m (0.1ms)[0m  [1m[34mSELECT sqlite_version(*)[0m
  [1m[36mEntertainment Load (0.1ms)[0m  [1m[34mSELECT "entertainments".* FROM "entertainments" ORDER BY "entertainments"."id" ASC LIMIT ?[0m  [["LIMIT", 1]]
  [1m[36mUser Load (0.1ms)[0m  [1m[34mSELECT "users".* FROM "users" ORDER BY "users"."id" ASC LIMIT ?[0m  [["LIMIT", 1]]
  [1m[36mTRANSACTION (0.1ms)[0m  [1m[36mbegin transaction[0m
  [1m[36mRestaurant Create (0.3ms)[0m  [1m[32mINSERT INTO "restaurants" ("time_of_day", "user_id", "created_at", "updated_at") VALUES (?, ?, ?, ?)[0m  [["time_of_day", "afternoon"], ["user_id", "1"], ["created_at", "2021-04-19 23:15:13.689755"], ["updated_at", "2021-04-19 23:15:13.689755"]]
  [1m[36mTRANSACTION (9.7ms)[0m  [1m[36mcommit transaction[0m
  [1m[35m (0.3ms)[0m  [1m[34mSELECT sqlite_version(*)[0m
  [1m[35m (0.1ms)[0m  [1m[34mSELECT "schema_migrations"."version" FROM "schema_migrations" ORDER BY "schema_migrations"."version" ASC[0m
  [1m[35m (0.1ms)[0m  [1m[34mSELECT sqlite_version(*)[0m
  [1m[36mEntertainment Load (0.1ms)[0m  [1m[34mSELECT "entertainments".* FROM "entertainments" ORDER BY "entertainments"."id" ASC LIMIT ?[0m  [["LIMIT", 1]]
  [1m[36mUser Load (0.1ms)[0m  [1m[34mSELECT "users".* FROM "users" ORDER BY "users"."id" ASC LIMIT ?[0m  [["LIMIT", 1]]
  [1m[35m (0.4ms)[0m  [1m[34mSELECT sqlite_version(*)[0m
  [1m[36mUser Load (0.1ms)[0m  [1m[34mSELECT "users".* FROM "users" ORDER BY "users"."id" ASC LIMIT ?[0m  [["LIMIT", 1]]
  [1m[36mComment Load (0.2ms)[0m  [1m[34mSELECT "comments".* FROM "comments" WHERE "comments"."user_id" = ? /* loading for inspect */ LIMIT ?[0m  [["user_id", "1"], ["LIMIT", 11]]
  [1m[36mComment Load (0.3ms)[0m  [1m[34mSELECT "comments".* FROM "comments" WHERE "comments"."user_id" = ? /* loading for inspect */ LIMIT ?[0m  [["user_id", "1"], ["LIMIT", 11]]
  [1m[35m (0.3ms)[0m  [1m[34mSELECT sqlite_version(*)[0m
  [1m[35m (0.1ms)[0m  [1m[34mSELECT "schema_migrations"."version" FROM "schema_migrations" ORDER BY "schema_migrations"."version" ASC[0m
  [1m[35m (0.1ms)[0m  [1m[34mSELECT sqlite_version(*)[0m
  [1m[36mEntertainment Load (0.1ms)[0m  [1m[34mSELECT "entertainments".* FROM "entertainments" ORDER BY "entertainments"."id" ASC LIMIT ?[0m  [["LIMIT", 1]]
  [1m[36mUser Load (0.1ms)[0m  [1m[34mSELECT "users".* FROM "users" ORDER BY "users"."id" ASC LIMIT ?[0m  [["LIMIT", 1]]
  [1m[35m (0.4ms)[0m  [1m[34mSELECT sqlite_version(*)[0m
  [1m[36mUser Load (0.1ms)[0m  [1m[34mSELECT "users".* FROM "users" ORDER BY "users"."id" ASC LIMIT ?[0m  [["LIMIT", 1]]
  [1m[36mComment Load (0.2ms)[0m  [1m[34mSELECT "comments".* FROM "comments" WHERE "comments"."user_id" = ? /* loading for inspect */ LIMIT ?[0m  [["user_id", "1"], ["LIMIT", 11]]
  [1m[35m (0.3ms)[0m  [1m[34mSELECT sqlite_version(*)[0m
  [1m[35m (0.1ms)[0m  [1m[34mSELECT "schema_migrations"."version" FROM "schema_migrations" ORDER BY "schema_migrations"."version" ASC[0m
  [1m[35m (0.1ms)[0m  [1m[34mSELECT sqlite_version(*)[0m
  [1m[36mEntertainment Load (0.1ms)[0m  [1m[34mSELECT "entertainments".* FROM "entertainments" ORDER BY "entertainments"."id" ASC LIMIT ?[0m  [["LIMIT", 1]]
  [1m[36mUser Load (0.1ms)[0m  [1m[34mSELECT "users".* FROM "users" ORDER BY "users"."id" ASC LIMIT ?[0m  [["LIMIT", 1]]
  [1m[35m (0.4ms)[0m  [1m[34mSELECT sqlite_version(*)[0m
  [1m[36mUser Load (0.2ms)[0m  [1m[34mSELECT "users".* FROM "users" ORDER BY "users"."id" ASC LIMIT ?[0m  [["LIMIT", 1]]
  [1m[36mComment Load (0.2ms)[0m  [1m[34mSELECT "comments".* FROM "comments" WHERE "comments"."user_id" = ? /* loading for inspect */ LIMIT ?[0m  [["user_id", "1"], ["LIMIT", 11]]
  [1m[35m (0.3ms)[0m  [1m[34mSELECT sqlite_version(*)[0m
  [1m[35m (0.1ms)[0m  [1m[34mSELECT "schema_migrations"."version" FROM "schema_migrations" ORDER BY "schema_migrations"."version" ASC[0m
  [1m[35m (0.1ms)[0m  [1m[34mSELECT sqlite_version(*)[0m
  [1m[36mEntertainment Load (0.1ms)[0m  [1m[34mSELECT "entertainments".* FROM "entertainments" ORDER BY "entertainments"."id" ASC LIMIT ?[0m  [["LIMIT", 1]]
  [1m[36mUser Load (0.1ms)[0m  [1m[34mSELECT "users".* FROM "users" ORDER BY "users"."id" ASC LIMIT ?[0m  [["LIMIT", 1]]
  [1m[35m (0.5ms)[0m  [1m[34mSELECT sqlite_version(*)[0m
  [1m[36mUser Load (0.2ms)[0m  [1m[34mSELECT "users".* FROM "users" ORDER BY "users"."id" ASC LIMIT ?[0m  [["LIMIT", 1]]
  [1m[36mComment Load (0.3ms)[0m  [1m[34mSELECT "comments".* FROM "comments" WHERE "comments"."user_id" = ? /* loading for inspect */ LIMIT ?[0m  [["user_id", "1"], ["LIMIT", 11]]
  [1m[36mComment Load (0.3ms)[0m  [1m[34mSELECT "comments".* FROM "comments" WHERE "comments"."user_id" = ? /* loading for inspect */ LIMIT ?[0m  [["user_id", "1"], ["LIMIT", 11]]
  [1m[35m (0.3ms)[0m  [1m[34mSELECT sqlite_version(*)[0m
  [1m[35m (0.1ms)[0m  [1m[34mSELECT "schema_migrations"."version" FROM "schema_migrations" ORDER BY "schema_migrations"."version" ASC[0m
  [1m[35m (0.1ms)[0m  [1m[34mSELECT sqlite_version(*)[0m
  [1m[36mEntertainment Load (0.1ms)[0m  [1m[34mSELECT "entertainments".* FROM "entertainments" ORDER BY "entertainments"."id" ASC LIMIT ?[0m  [["LIMIT", 1]]
  [1m[36mUser Load (0.2ms)[0m  [1m[34mSELECT "users".* FROM "users" ORDER BY "users"."id" ASC LIMIT ?[0m  [["LIMIT", 1]]
  [1m[35m (0.5ms)[0m  [1m[34mSELECT sqlite_version(*)[0m
  [1m[36mUser Load (0.1ms)[0m  [1m[34mSELECT "users".* FROM "users" ORDER BY "users"."id" ASC LIMIT ?[0m  [["LIMIT", 1]]
  [1m[36mComment Load (0.2ms)[0m  [1m[34mSELECT "comments".* FROM "comments" WHERE "comments"."user_id" = ? /* loading for inspect */ LIMIT ?[0m  [["user_id", "1"], ["LIMIT", 11]]
  [1m[36mComment Load (0.3ms)[0m  [1m[34mSELECT "comments".* FROM "comments" WHERE "comments"."user_id" = ? /* loading for inspect */ LIMIT ?[0m  [["user_id", "1"], ["LIMIT", 11]]
  [1m[35m (0.3ms)[0m  [1m[34mSELECT sqlite_version(*)[0m
  [1m[35m (0.1ms)[0m  [1m[34mSELECT "schema_migrations"."version" FROM "schema_migrations" ORDER BY "schema_migrations"."version" ASC[0m
  [1m[35m (0.1ms)[0m  [1m[34mSELECT sqlite_version(*)[0m
  [1m[36mEntertainment Load (0.1ms)[0m  [1m[34mSELECT "entertainments".* FROM "entertainments" ORDER BY "entertainments"."id" ASC LIMIT ?[0m  [["LIMIT", 1]]
  [1m[36mUser Load (0.1ms)[0m  [1m[34mSELECT "users".* FROM "users" ORDER BY "users"."id" ASC LIMIT ?[0m  [["LIMIT", 1]]
  [1m[36mTRANSACTION (0.1ms)[0m  [1m[36mbegin transaction[0m
  [1m[36mRestaurant Create (0.3ms)[0m  [1m[32mINSERT INTO "restaurants" ("time_of_day", "user_id", "created_at", "updated_at") VALUES (?, ?, ?, ?)[0m  [["time_of_day", "afternoon"], ["user_id", "1"], ["created_at", "2021-04-19 23:27:00.420907"], ["updated_at", "2021-04-19 23:27:00.420907"]]
  [1m[36mTRANSACTION (5.8ms)[0m  [1m[36mcommit transaction[0m
  [1m[35m (0.4ms)[0m  [1m[34mSELECT sqlite_version(*)[0m
  [1m[36mUser Load (0.1ms)[0m  [1m[34mSELECT "users".* FROM "users" ORDER BY "users"."id" ASC LIMIT ?[0m  [["LIMIT", 1]]
  [1m[36mComment Load (0.2ms)[0m  [1m[34mSELECT "comments".* FROM "comments" WHERE "comments"."user_id" = ? /* loading for inspect */ LIMIT ?[0m  [["user_id", "1"], ["LIMIT", 11]]
  [1m[36mComment Load (0.4ms)[0m  [1m[34mSELECT "comments".* FROM "comments" /* loading for inspect */ LIMIT ?[0m  [["LIMIT", 11]]
  [1m[35m (0.9ms)[0m  [1m[34mSELECT sqlite_version(*)[0m
  [1m[36mUser Load (0.2ms)[0m  [1m[34mSELECT "users".* FROM "users" ORDER BY "users"."id" ASC LIMIT ?[0m  [["LIMIT", 1]]
  [1m[35m (0.6ms)[0m  [1m[34mSELECT sqlite_version(*)[0m
  [1m[36mUser Load (0.2ms)[0m  [1m[34mSELECT "users".* FROM "users" ORDER BY "users"."id" ASC LIMIT ?[0m  [["LIMIT", 1]]
  [1m[36mComment Load (0.1ms)[0m  [1m[34mSELECT "comments".* FROM "comments" WHERE "comments"."user_id" = ? /* loading for inspect */ LIMIT ?[0m  [["user_id", "1"], ["LIMIT", 11]]
  [1m[35m (0.3ms)[0m  [1m[34mSELECT sqlite_version(*)[0m
  [1m[35m (0.3ms)[0m  [1m[34mSELECT "schema_migrations"."version" FROM "schema_migrations" ORDER BY "schema_migrations"."version" ASC[0m
  [1m[35m (0.3ms)[0m  [1m[34mSELECT sqlite_version(*)[0m
  [1m[35m (0.1ms)[0m  [1m[34mSELECT "schema_migrations"."version" FROM "schema_migrations" ORDER BY "schema_migrations"."version" ASC[0m
  [1m[35m (0.1ms)[0m  [1m[34mSELECT sqlite_version(*)[0m
  [1m[36mEntertainment Load (0.1ms)[0m  [1m[34mSELECT "entertainments".* FROM "entertainments" ORDER BY "entertainments"."id" ASC LIMIT ?[0m  [["LIMIT", 1]]
  [1m[36mUser Load (0.1ms)[0m  [1m[34mSELECT "users".* FROM "users" ORDER BY "users"."id" ASC LIMIT ?[0m  [["LIMIT", 1]]
  [1m[35m (0.4ms)[0m  [1m[34mSELECT sqlite_version(*)[0m
  [1m[36mUser Load (0.1ms)[0m  [1m[34mSELECT "users".* FROM "users" ORDER BY "users"."id" ASC LIMIT ?[0m  [["LIMIT", 1]]
  [1m[36mComment Load (0.1ms)[0m  [1m[34mSELECT "comments".* FROM "comments" WHERE "comments"."user_id" = ? /* loading for inspect */ LIMIT ?[0m  [["user_id", "1"], ["LIMIT", 11]]
  [1m[36mComment Load (0.3ms)[0m  [1m[34mSELECT "comments".* FROM "comments" /* loading for inspect */ LIMIT ?[0m  [["LIMIT", 11]]
  [1m[36mLocation Load (0.2ms)[0m  [1m[34mSELECT "locations".* FROM "locations" /* loading for inspect */ LIMIT ?[0m  [["LIMIT", 11]]
  [1m[36mVisit Load (0.4ms)[0m  [1m[34mSELECT "visits".* FROM "visits" /* loading for inspect */ LIMIT ?[0m  [["LIMIT", 11]]
  [1m[36mVisit Load (0.3ms)[0m  [1m[34mSELECT "visits".* FROM "visits" INNER JOIN "restaurants" ON "visits"."restaurant_id" = "restaurants"."id" WHERE "restaurants"."user_id" = ? /* loading for inspect */ LIMIT ?[0m  [["user_id", "1"], ["LIMIT", 11]]
  [1m[35m (0.4ms)[0m  [1m[34mSELECT sqlite_version(*)[0m
  [1m[36mUser Load (0.1ms)[0m  [1m[34mSELECT "users".* FROM "users" ORDER BY "users"."id" ASC LIMIT ?[0m  [["LIMIT", 1]]
  [1m[36mVisit Load (0.2ms)[0m  [1m[34mSELECT "visits".* FROM "visits" INNER JOIN "restaurants" ON "visits"."restaurant_id" = "restaurants"."id" WHERE "restaurants"."user_id" = ? /* loading for inspect */ LIMIT ?[0m  [["user_id", "1"], ["LIMIT", 11]]
Started GET "/" for ::1 at 2021-04-19 20:05:34 -0400
  [1m[35m (0.4ms)[0m  [1m[34mSELECT sqlite_version(*)[0m
  [1m[35m (0.1ms)[0m  [1m[34mSELECT "schema_migrations"."version" FROM "schema_migrations" ORDER BY "schema_migrations"."version" ASC[0m
Processing by Rails::WelcomeController#index as HTML
  Rendering /home/kay/.rvm/gems/ruby-2.6.1/gems/railties-6.1.3.1/lib/rails/templates/rails/welcome/index.html.erb
  Rendered /home/kay/.rvm/gems/ruby-2.6.1/gems/railties-6.1.3.1/lib/rails/templates/rails/welcome/index.html.erb (Duration: 6.0ms | Allocations: 427)
Completed 200 OK in 13ms (Views: 7.6ms | ActiveRecord: 0.0ms | Allocations: 2615)


Started GET "/users" for ::1 at 2021-04-19 20:05:40 -0400
  
ActionController::RoutingError (No route matches [GET] "/users"):
  
Started GET "/api/v1users" for ::1 at 2021-04-19 20:06:08 -0400
  
ActionController::RoutingError (No route matches [GET] "/api/v1users"):
  
Started GET "/api/v1/users" for ::1 at 2021-04-19 20:06:19 -0400
Processing by Api::V1::UsersController#index as HTML
  [1m[36mUser Load (0.2ms)[0m  [1m[34mSELECT "users".* FROM "users"[0m
  ↳ app/controllers/api/v1/users_controller.rb:8:in `index'
Completed 200 OK in 29ms (Views: 10.8ms | ActiveRecord: 0.8ms | Allocations: 9675)


Started GET "/api/v1/entertainment" for ::1 at 2021-04-19 20:06:42 -0400
  
ActionController::RoutingError (No route matches [GET] "/api/v1/entertainment"):
  
Started GET "/api/v1/location" for ::1 at 2021-04-19 20:07:07 -0400
  
ActionController::RoutingError (No route matches [GET] "/api/v1/location"):
  
Started GET "/api/v1/locations" for ::1 at 2021-04-19 20:07:23 -0400
  
AbstractController::ActionNotFound (The action 'index' could not be found for Api::V1::LocationsController):
  
actionpack (6.1.3.1) lib/abstract_controller/base.rb:160:in `process'
actionpack (6.1.3.1) lib/action_controller/metal.rb:190:in `dispatch'
actionpack (6.1.3.1) lib/action_controller/metal.rb:254:in `dispatch'
actionpack (6.1.3.1) lib/action_dispatch/routing/route_set.rb:50:in `dispatch'
actionpack (6.1.3.1) lib/action_dispatch/routing/route_set.rb:33:in `serve'
actionpack (6.1.3.1) lib/action_dispatch/journey/router.rb:50:in `block in serve'
actionpack (6.1.3.1) lib/action_dispatch/journey/router.rb:32:in `each'
actionpack (6.1.3.1) lib/action_dispatch/journey/router.rb:32:in `serve'
actionpack (6.1.3.1) lib/action_dispatch/routing/route_set.rb:842:in `call'
rack (2.2.3) lib/rack/etag.rb:27:in `call'
rack (2.2.3) lib/rack/conditional_get.rb:27:in `call'
rack (2.2.3) lib/rack/head.rb:12:in `call'
activerecord (6.1.3.1) lib/active_record/migration.rb:601:in `call'
actionpack (6.1.3.1) lib/action_dispatch/middleware/callbacks.rb:27:in `block in call'
activesupport (6.1.3.1) lib/active_support/callbacks.rb:98:in `run_callbacks'
actionpack (6.1.3.1) lib/action_dispatch/middleware/callbacks.rb:26:in `call'
actionpack (6.1.3.1) lib/action_dispatch/middleware/executor.rb:14:in `call'
actionpack (6.1.3.1) lib/action_dispatch/middleware/actionable_exceptions.rb:18:in `call'
actionpack (6.1.3.1) lib/action_dispatch/middleware/debug_exceptions.rb:29:in `call'
actionpack (6.1.3.1) lib/action_dispatch/middleware/show_exceptions.rb:33:in `call'
railties (6.1.3.1) lib/rails/rack/logger.rb:37:in `call_app'
railties (6.1.3.1) lib/rails/rack/logger.rb:26:in `block in call'
activesupport (6.1.3.1) lib/active_support/tagged_logging.rb:99:in `block in tagged'
activesupport (6.1.3.1) lib/active_support/tagged_logging.rb:37:in `tagged'
activesupport (6.1.3.1) lib/active_support/tagged_logging.rb:99:in `tagged'
railties (6.1.3.1) lib/rails/rack/logger.rb:26:in `call'
actionpack (6.1.3.1) lib/action_dispatch/middleware/remote_ip.rb:81:in `call'
actionpack (6.1.3.1) lib/action_dispatch/middleware/request_id.rb:26:in `call'
rack (2.2.3) lib/rack/runtime.rb:22:in `call'
activesupport (6.1.3.1) lib/active_support/cache/strategy/local_cache_middleware.rb:29:in `call'
actionpack (6.1.3.1) lib/action_dispatch/middleware/executor.rb:14:in `call'
actionpack (6.1.3.1) lib/action_dispatch/middleware/static.rb:24:in `call'
rack (2.2.3) lib/rack/sendfile.rb:110:in `call'
actionpack (6.1.3.1) lib/action_dispatch/middleware/host_authorization.rb:98:in `call'
railties (6.1.3.1) lib/rails/engine.rb:539:in `call'
puma (5.2.2) lib/puma/configuration.rb:248:in `call'
puma (5.2.2) lib/puma/request.rb:76:in `block in handle_request'
puma (5.2.2) lib/puma/thread_pool.rb:337:in `with_force_shutdown'
puma (5.2.2) lib/puma/request.rb:75:in `handle_request'
puma (5.2.2) lib/puma/server.rb:431:in `process_client'
puma (5.2.2) lib/puma/thread_pool.rb:145:in `block in spawn_thread'
Started GET "/api/v1/entertainments" for ::1 at 2021-04-19 20:07:36 -0400
Processing by Api::V1::EntertainmentsController#index as HTML
  [1m[36mEntertainment Load (0.2ms)[0m  [1m[34mSELECT "entertainments".* FROM "entertainments"[0m
  ↳ app/controllers/api/v1/entertainments_controller.rb:8:in `index'
Completed 200 OK in 4ms (Views: 1.1ms | ActiveRecord: 0.2ms | Allocations: 1589)


Started GET "/api/v1/comments" for ::1 at 2021-04-19 20:07:49 -0400
Processing by Api::V1::CommentsController#index as HTML
  [1m[36mComment Load (0.2ms)[0m  [1m[34mSELECT "comments".* FROM "comments"[0m
  ↳ app/controllers/api/v1/comments_controller.rb:8:in `index'
Completed 200 OK in 4ms (Views: 1.5ms | ActiveRecord: 0.2ms | Allocations: 1251)


Started GET "/api/v1/visits" for ::1 at 2021-04-19 20:07:58 -0400
Processing by Api::V1::VisitsController#index as HTML
  [1m[36mVisit Load (0.2ms)[0m  [1m[34mSELECT "visits".* FROM "visits"[0m
  ↳ app/controllers/api/v1/visits_controller.rb:8:in `index'
Completed 200 OK in 3ms (Views: 1.1ms | ActiveRecord: 0.2ms | Allocations: 1219)


Started GET "/api/v1/restaurants" for ::1 at 2021-04-19 20:08:38 -0400
Processing by Api::V1::RestaurantsController#index as HTML
  [1m[36mRestaurant Load (0.3ms)[0m  [1m[34mSELECT "restaurants".* FROM "restaurants"[0m
  ↳ app/controllers/api/v1/restaurants_controller.rb:8:in `index'
Completed 200 OK in 16ms (Views: 9.8ms | ActiveRecord: 1.4ms | Allocations: 7221)


Started GET "/" for ::1 at 2021-04-19 20:18:29 -0400
  [1m[35m (0.4ms)[0m  [1m[34mSELECT sqlite_version(*)[0m
  [1m[35m (0.2ms)[0m  [1m[34mSELECT "schema_migrations"."version" FROM "schema_migrations" ORDER BY "schema_migrations"."version" ASC[0m
Processing by Rails::WelcomeController#index as HTML
  Rendering /home/kay/.rvm/gems/ruby-2.6.1/gems/railties-6.1.3.1/lib/rails/templates/rails/welcome/index.html.erb
  Rendered /home/kay/.rvm/gems/ruby-2.6.1/gems/railties-6.1.3.1/lib/rails/templates/rails/welcome/index.html.erb (Duration: 6.4ms | Allocations: 340)
Completed 200 OK in 15ms (Views: 8.5ms | ActiveRecord: 0.0ms | Allocations: 2552)


Started GET "/api/v1/users" for ::1 at 2021-04-19 20:18:42 -0400
Processing by Api::V1::UsersController#index as HTML
  [1m[36mUser Load (0.2ms)[0m  [1m[34mSELECT "users".* FROM "users"[0m
  ↳ app/controllers/api/v1/users_controller.rb:8:in `index'
Completed 200 OK in 18ms (Views: 10.5ms | ActiveRecord: 0.9ms | Allocations: 9395)


Started GET "/api/v1/users" for ::1 at 2021-04-19 20:22:04 -0400
  
SyntaxError (/home/kay/Restaurant_Entertainment_App/backend/app/controllers/api/v1/users_controller.rb:14: syntax error, unexpected ')', expecting end
...izer.new(@user).serialzed_json)
...                              ^):
  
app/controllers/api/v1/users_controller.rb:14: syntax error, unexpected ')', expecting end
app/controllers/api/v1/users_controller.rb:14: syntax error, unexpected ')', expecting end
Started GET "/api/v1/users" for ::1 at 2021-04-19 20:23:15 -0400
Processing by Api::V1::UsersController#index as HTML
  [1m[35m (0.1ms)[0m  [1m[34mSELECT sqlite_version(*)[0m
  ↳ app/controllers/api/v1/users_controller.rb:8:in `index'
  [1m[36mUser Load (0.1ms)[0m  [1m[34mSELECT "users".* FROM "users"[0m
  ↳ app/controllers/api/v1/users_controller.rb:8:in `index'
Completed 200 OK in 15ms (Views: 9.7ms | ActiveRecord: 1.1ms | Allocations: 8934)


Started GET "/api/v1/users" for ::1 at 2021-04-19 20:23:20 -0400
Processing by Api::V1::UsersController#index as HTML
  [1m[36mUser Load (0.2ms)[0m  [1m[34mSELECT "users".* FROM "users"[0m
  ↳ app/controllers/api/v1/users_controller.rb:8:in `index'
Completed 200 OK in 3ms (Views: 2.3ms | ActiveRecord: 0.2ms | Allocations: 742)


Started GET "/" for 127.0.0.1 at 2021-04-19 20:24:03 -0400
  [1m[35m (0.4ms)[0m  [1m[34mSELECT sqlite_version(*)[0m
  [1m[35m (0.1ms)[0m  [1m[34mSELECT "schema_migrations"."version" FROM "schema_migrations" ORDER BY "schema_migrations"."version" ASC[0m
Processing by Rails::WelcomeController#index as HTML
  Rendering /home/kay/.rvm/gems/ruby-2.6.1/gems/railties-6.1.3.1/lib/rails/templates/rails/welcome/index.html.erb
  Rendered /home/kay/.rvm/gems/ruby-2.6.1/gems/railties-6.1.3.1/lib/rails/templates/rails/welcome/index.html.erb (Duration: 6.2ms | Allocations: 410)
Completed 200 OK in 15ms (Views: 7.8ms | ActiveRecord: 0.0ms | Allocations: 2604)


Started GET "/api/v1/users" for 127.0.0.1 at 2021-04-19 20:24:16 -0400
Processing by Api::V1::UsersController#index as HTML
  [1m[36mUser Load (0.2ms)[0m  [1m[34mSELECT "users".* FROM "users"[0m
  ↳ app/controllers/api/v1/users_controller.rb:8:in `index'
Completed 200 OK in 30ms (Views: 7.8ms | ActiveRecord: 0.7ms | Allocations: 9398)


Started GET "/" for 127.0.0.1 at 2021-04-19 20:27:03 -0400
  [1m[35m (0.4ms)[0m  [1m[34mSELECT sqlite_version(*)[0m
  [1m[35m (0.1ms)[0m  [1m[34mSELECT "schema_migrations"."version" FROM "schema_migrations" ORDER BY "schema_migrations"."version" ASC[0m
Processing by Rails::WelcomeController#index as HTML
  Rendering /home/kay/.rvm/gems/ruby-2.6.1/gems/railties-6.1.3.1/lib/rails/templates/rails/welcome/index.html.erb
  Rendered /home/kay/.rvm/gems/ruby-2.6.1/gems/railties-6.1.3.1/lib/rails/templates/rails/welcome/index.html.erb (Duration: 10.3ms | Allocations: 314)
Completed 200 OK in 26ms (Views: 12.8ms | ActiveRecord: 0.0ms | Allocations: 2630)


Started GET "/api/v1/users" for 127.0.0.1 at 2021-04-19 20:27:11 -0400
Processing by Api::V1::UsersController#index as HTML
  [1m[36mUser Load (0.2ms)[0m  [1m[34mSELECT "users".* FROM "users"[0m
  ↳ app/controllers/api/v1/users_controller.rb:8:in `index'
Completed 200 OK in 33ms (Views: 7.1ms | ActiveRecord: 0.6ms | Allocations: 9398)


Started GET "/api/v1/locations" for ::1 at 2021-04-19 20:28:50 -0400
  
AbstractController::ActionNotFound (The action 'index' could not be found for Api::V1::LocationsController):
  
actionpack (6.1.3.1) lib/abstract_controller/base.rb:160:in `process'
actionpack (6.1.3.1) lib/action_controller/metal.rb:190:in `dispatch'
actionpack (6.1.3.1) lib/action_controller/metal.rb:254:in `dispatch'
actionpack (6.1.3.1) lib/action_dispatch/routing/route_set.rb:50:in `dispatch'
actionpack (6.1.3.1) lib/action_dispatch/routing/route_set.rb:33:in `serve'
actionpack (6.1.3.1) lib/action_dispatch/journey/router.rb:50:in `block in serve'
actionpack (6.1.3.1) lib/action_dispatch/journey/router.rb:32:in `each'
actionpack (6.1.3.1) lib/action_dispatch/journey/router.rb:32:in `serve'
actionpack (6.1.3.1) lib/action_dispatch/routing/route_set.rb:842:in `call'
rack (2.2.3) lib/rack/etag.rb:27:in `call'
rack (2.2.3) lib/rack/conditional_get.rb:27:in `call'
rack (2.2.3) lib/rack/head.rb:12:in `call'
activerecord (6.1.3.1) lib/active_record/migration.rb:601:in `call'
actionpack (6.1.3.1) lib/action_dispatch/middleware/callbacks.rb:27:in `block in call'
activesupport (6.1.3.1) lib/active_support/callbacks.rb:98:in `run_callbacks'
actionpack (6.1.3.1) lib/action_dispatch/middleware/callbacks.rb:26:in `call'
actionpack (6.1.3.1) lib/action_dispatch/middleware/executor.rb:14:in `call'
actionpack (6.1.3.1) lib/action_dispatch/middleware/actionable_exceptions.rb:18:in `call'
actionpack (6.1.3.1) lib/action_dispatch/middleware/debug_exceptions.rb:29:in `call'
actionpack (6.1.3.1) lib/action_dispatch/middleware/show_exceptions.rb:33:in `call'
railties (6.1.3.1) lib/rails/rack/logger.rb:37:in `call_app'
railties (6.1.3.1) lib/rails/rack/logger.rb:26:in `block in call'
activesupport (6.1.3.1) lib/active_support/tagged_logging.rb:99:in `block in tagged'
activesupport (6.1.3.1) lib/active_support/tagged_logging.rb:37:in `tagged'
activesupport (6.1.3.1) lib/active_support/tagged_logging.rb:99:in `tagged'
railties (6.1.3.1) lib/rails/rack/logger.rb:26:in `call'
actionpack (6.1.3.1) lib/action_dispatch/middleware/remote_ip.rb:81:in `call'
actionpack (6.1.3.1) lib/action_dispatch/middleware/request_id.rb:26:in `call'
rack (2.2.3) lib/rack/runtime.rb:22:in `call'
activesupport (6.1.3.1) lib/active_support/cache/strategy/local_cache_middleware.rb:29:in `call'
actionpack (6.1.3.1) lib/action_dispatch/middleware/executor.rb:14:in `call'
actionpack (6.1.3.1) lib/action_dispatch/middleware/static.rb:24:in `call'
rack (2.2.3) lib/rack/sendfile.rb:110:in `call'
actionpack (6.1.3.1) lib/action_dispatch/middleware/host_authorization.rb:98:in `call'
railties (6.1.3.1) lib/rails/engine.rb:539:in `call'
puma (5.2.2) lib/puma/configuration.rb:248:in `call'
puma (5.2.2) lib/puma/request.rb:76:in `block in handle_request'
puma (5.2.2) lib/puma/thread_pool.rb:337:in `with_force_shutdown'
puma (5.2.2) lib/puma/request.rb:75:in `handle_request'
puma (5.2.2) lib/puma/server.rb:431:in `process_client'
puma (5.2.2) lib/puma/thread_pool.rb:145:in `block in spawn_thread'
Started GET "/api/v1/users" for 127.0.0.1 at 2021-04-19 20:44:48 -0400
Processing by Api::V1::UsersController#index as HTML
  [1m[35m (0.1ms)[0m  [1m[34mSELECT sqlite_version(*)[0m
  ↳ app/controllers/api/v1/users_controller.rb:8:in `index'
  [1m[36mUser Load (0.1ms)[0m  [1m[34mSELECT "users".* FROM "users"[0m
  ↳ app/controllers/api/v1/users_controller.rb:8:in `index'
Completed 200 OK in 14ms (Views: 8.3ms | ActiveRecord: 0.5ms | Allocations: 8435)


Started GET "/api/v1/locations" for 127.0.0.1 at 2021-04-19 20:44:54 -0400
  
SyntaxError (/home/kay/Restaurant_Entertainment_App/backend/app/controllers/api/v1/locations_controller.rb:53: syntax error, unexpected end, expecting end-of-input):
  
app/controllers/api/v1/locations_controller.rb:53: syntax error, unexpected end, expecting end-of-input
app/controllers/api/v1/locations_controller.rb:53: syntax error, unexpected end, expecting end-of-input
Started GET "/api/v1/locations" for 127.0.0.1 at 2021-04-19 20:45:19 -0400
Processing by Api::V1::LocationsController#index as HTML
  [1m[35m (0.1ms)[0m  [1m[34mSELECT sqlite_version(*)[0m
  ↳ app/controllers/api/v1/locations_controller.rb:8:in `index'
  [1m[36mLocation Load (0.2ms)[0m  [1m[34mSELECT "locations".* FROM "locations"[0m
  ↳ app/controllers/api/v1/locations_controller.rb:8:in `index'
Completed 200 OK in 23ms (Views: 19.6ms | ActiveRecord: 1.5ms | Allocations: 5957)


Started GET "/api/v1/users" for 127.0.0.1 at 2021-04-19 20:45:33 -0400
Processing by Api::V1::UsersController#index as HTML
  [1m[36mUser Load (0.2ms)[0m  [1m[34mSELECT "users".* FROM "users"[0m
  ↳ app/controllers/api/v1/users_controller.rb:8:in `index'
Completed 200 OK in 15ms (Views: 8.5ms | ActiveRecord: 0.8ms | Allocations: 7696)


Started GET "/api/v1/users" for 127.0.0.1 at 2021-04-19 20:45:43 -0400
Processing by Api::V1::UsersController#index as HTML
  [1m[36mUser Load (0.2ms)[0m  [1m[34mSELECT "users".* FROM "users"[0m
  ↳ app/controllers/api/v1/users_controller.rb:8:in `index'
Completed 200 OK in 2ms (Views: 1.6ms | ActiveRecord: 0.2ms | Allocations: 738)


Started GET "/api/v1/locations" for 127.0.0.1 at 2021-04-19 20:45:55 -0400
Processing by Api::V1::LocationsController#index as HTML
  [1m[36mLocation Load (0.1ms)[0m  [1m[34mSELECT "locations".* FROM "locations"[0m
  ↳ app/controllers/api/v1/locations_controller.rb:8:in `index'
Completed 200 OK in 3ms (Views: 2.1ms | ActiveRecord: 0.1ms | Allocations: 939)


Started GET "/api/v1/restaurants" for 127.0.0.1 at 2021-04-19 20:46:06 -0400
Processing by Api::V1::RestaurantsController#index as HTML
  [1m[36mRestaurant Load (0.2ms)[0m  [1m[34mSELECT "restaurants".* FROM "restaurants"[0m
  ↳ app/controllers/api/v1/restaurants_controller.rb:8:in `index'
Completed 200 OK in 13ms (Views: 8.1ms | ActiveRecord: 0.7ms | Allocations: 7182)


  [1m[35m (0.5ms)[0m  [1m[34mSELECT sqlite_version(*)[0m
  [1m[36mUser Load (0.2ms)[0m  [1m[34mSELECT "users".* FROM "users" ORDER BY "users"."id" ASC LIMIT ?[0m  [["LIMIT", 1]]
  [1m[36mComment Load (0.2ms)[0m  [1m[34mSELECT "comments".* FROM "comments" WHERE "comments"."user_id" = ? /* loading for inspect */ LIMIT ?[0m  [["user_id", "1"], ["LIMIT", 11]]
  [1m[36mLocation Load (0.2ms)[0m  [1m[34mSELECT "locations".* FROM "locations" INNER JOIN "entertainments" ON "locations"."id" = "entertainments"."location_id" INNER JOIN "visits" ON "entertainments"."id" = "visits"."entertainment_id" INNER JOIN "restaurants" ON "visits"."restaurant_id" = "restaurants"."id" WHERE "restaurants"."user_id" = ? /* loading for inspect */ LIMIT ?[0m  [["user_id", "1"], ["LIMIT", 11]]
  [1m[36mLocation Load (0.4ms)[0m  [1m[34mSELECT "locations".* FROM "locations" /* loading for inspect */ LIMIT ?[0m  [["LIMIT", 11]]
Started GET "/" for 127.0.0.1 at 2021-04-19 21:14:52 -0400
  [1m[35m (0.4ms)[0m  [1m[34mSELECT sqlite_version(*)[0m
  [1m[35m (0.1ms)[0m  [1m[34mSELECT "schema_migrations"."version" FROM "schema_migrations" ORDER BY "schema_migrations"."version" ASC[0m
Processing by Rails::WelcomeController#index as HTML
  Rendering /home/kay/.rvm/gems/ruby-2.6.1/gems/railties-6.1.3.1/lib/rails/templates/rails/welcome/index.html.erb
  Rendered /home/kay/.rvm/gems/ruby-2.6.1/gems/railties-6.1.3.1/lib/rails/templates/rails/welcome/index.html.erb (Duration: 6.3ms | Allocations: 375)
Completed 200 OK in 15ms (Views: 8.1ms | ActiveRecord: 0.0ms | Allocations: 2595)


Started GET "/api/v1/users/1" for 127.0.0.1 at 2021-04-19 21:15:07 -0400
Processing by Api::V1::UsersController#show as HTML
  Parameters: {"id"=>"1"}
  [1m[36mUser Load (0.3ms)[0m  [1m[34mSELECT "users".* FROM "users" WHERE "users"."id" = ? LIMIT ?[0m  [["id", 1], ["LIMIT", 1]]
  ↳ app/controllers/api/v1/users_controller.rb:47:in `set_user'
  [1m[36mLocation Load (0.3ms)[0m  [1m[34mSELECT "locations".* FROM "locations" WHERE "locations"."id" = ? LIMIT ?[0m  [["id", 1], ["LIMIT", 1]]
  ↳ app/controllers/api/v1/users_controller.rb:15:in `show'
Completed 200 OK in 45ms (Views: 0.1ms | ActiveRecord: 2.3ms | Allocations: 15928)


Started GET "/api/v1/users" for 127.0.0.1 at 2021-04-19 21:18:44 -0400
Processing by Api::V1::UsersController#index as HTML
Completed 200 OK in 9ms (Views: 0.1ms | Allocations: 3727)


